2022-11-18 20:12:28 [@vmglpi]
13 seconds for "Work in progress..." @ 2022-11-18 20:12:28 [@vmglpi]
0 seconds for "Add new configurations / user preferences" @ 2022-11-18 20:12:29 [@vmglpi]
1 seconds for "Drop old configurations / user preferences" @ 2022-11-18 20:12:30 [@vmglpi]
1 seconds for "Change of the database layout - glpi_contracts" @ 2022-11-18 20:12:30 [@vmglpi]
0 seconds for "Renaming "DeviceMotherBoardModel" itemtype to "DeviceMotherboardModel"..." @ 2022-11-18 20:12:34 [@vmglpi]
4 seconds for "Renaming "DeviceMotherBoardModel" itemtype to "DeviceMotherboardModel" in all tables..." @ 2022-11-18 20:12:36 [@vmglpi]
2 seconds for "Change of the database layout - glpi_domains" @ 2022-11-18 20:12:39 [@vmglpi]
3 seconds for "Change of the database layout - glpi_entities" @ 2022-11-18 20:12:39 [@vmglpi]
0 seconds for "Change of the database layout - glpi_entities" @ 2022-11-18 20:12:40 [@vmglpi]
1 seconds for "Change of the database layout - glpi_entities" @ 2022-11-18 20:12:41 [@vmglpi]
1 seconds for "Change of the database layout - glpi_entities" @ 2022-11-18 20:12:41 [@vmglpi]
0 seconds for "Change of the database layout - glpi_entities" @ 2022-11-18 20:12:42 [@vmglpi]
1 seconds for "Change of the database layout - glpi_entities" @ 2022-11-18 20:12:42 [@vmglpi]
0 seconds for "Change of the database layout - glpi_entities" @ 2022-11-18 20:12:42 [@vmglpi]
0 seconds for "Change of the database layout - glpi_entities" @ 2022-11-18 20:12:43 [@vmglpi]
1 seconds for "Change of the database layout - glpi_entities" @ 2022-11-18 20:13:01 [@vmglpi]
18 seconds for "Change of the database layout - glpi_entities" @ 2022-11-18 20:13:28 [@vmglpi]
27 seconds for "Change of the database layout - glpi_entities" @ 2022-11-18 20:13:29 [@vmglpi]
1 seconds for "Adding recurrent changes" @ 2022-11-18 20:13:31 [@vmglpi]
2 seconds for "Adding unicity key to reservationitem" @ 2022-11-18 20:13:32 [@vmglpi]
1 seconds for "Change of the database layout - glpi_ipaddresses" @ 2022-11-18 20:13:32 [@vmglpi]
0 seconds for "Change of the database layout - glpi_items_softwareversions" @ 2022-11-18 20:13:32 [@vmglpi]
0 seconds for "Change of the database layout - glpi_items_softwareversions" @ 2022-11-18 20:13:33 [@vmglpi]
1 seconds for "Change of the database layout - glpi_registeredids" @ 2022-11-18 20:13:33 [@vmglpi]
0 seconds for "Change of the database layout - glpi_appliances_items" @ 2022-11-18 20:13:33 [@vmglpi]
0 seconds for "Change of the database layout - glpi_appliances_items_relations" @ 2022-11-18 20:13:34 [@vmglpi]
1 seconds for "Change of the database layout - glpi_appliances_items_relations" @ 2022-11-18 20:13:34 [@vmglpi]
0 seconds for "Change of the database layout - glpi_certificates_items" @ 2022-11-18 20:13:35 [@vmglpi]
1 seconds for "Change of the database layout - glpi_changetemplatehiddenfields" @ 2022-11-18 20:13:36 [@vmglpi]
1 seconds for "Change of the database layout - glpi_changetemplatemandatoryfields" @ 2022-11-18 20:13:36 [@vmglpi]
0 seconds for "Change of the database layout - glpi_contracts_items" @ 2022-11-18 20:13:37 [@vmglpi]
1 seconds for "Change of the database layout - glpi_dashboards_rights" @ 2022-11-18 20:13:37 [@vmglpi]
0 seconds for "Change of the database layout - glpi_domains_items" @ 2022-11-18 20:13:37 [@vmglpi]
0 seconds for "Change of the database layout - glpi_domains_items" @ 2022-11-18 20:13:37 [@vmglpi]
0 seconds for "Change of the database layout - glpi_dropdowntranslations" @ 2022-11-18 20:13:39 [@vmglpi]
2 seconds for "Change of the database layout - glpi_entities" @ 2022-11-18 20:13:40 [@vmglpi]
1 seconds for "Change of the database layout - glpi_impactrelations" @ 2022-11-18 20:13:40 [@vmglpi]
0 seconds for "Change of the database layout - glpi_ipaddresses_ipnetworks" @ 2022-11-18 20:13:41 [@vmglpi]
1 seconds for "Change of the database layout - glpi_items_devicebatteries" @ 2022-11-18 20:13:41 [@vmglpi]
0 seconds for "Change of the database layout - glpi_items_devicecases" @ 2022-11-18 20:13:42 [@vmglpi]
1 seconds for "Change of the database layout - glpi_items_devicecontrols" @ 2022-11-18 20:13:43 [@vmglpi]
1 seconds for "Change of the database layout - glpi_items_devicedrives" @ 2022-11-18 20:13:43 [@vmglpi]
0 seconds for "Change of the database layout - glpi_items_devicefirmwares" @ 2022-11-18 20:13:44 [@vmglpi]
1 seconds for "Change of the database layout - glpi_items_devicegenerics" @ 2022-11-18 20:13:45 [@vmglpi]
1 seconds for "Change of the database layout - glpi_items_devicegraphiccards" @ 2022-11-18 20:13:46 [@vmglpi]
1 seconds for "Change of the database layout - glpi_items_deviceharddrives" @ 2022-11-18 20:13:46 [@vmglpi]
0 seconds for "Change of the database layout - glpi_items_devicememories" @ 2022-11-18 20:13:46 [@vmglpi]
0 seconds for "Change of the database layout - glpi_items_devicemotherboards" @ 2022-11-18 20:13:46 [@vmglpi]
0 seconds for "Change of the database layout - glpi_items_devicenetworkcards" @ 2022-11-18 20:13:47 [@vmglpi]
1 seconds for "Change of the database layout - glpi_items_devicepcis" @ 2022-11-18 20:13:47 [@vmglpi]
0 seconds for "Change of the database layout - glpi_items_devicepowersupplies" @ 2022-11-18 20:13:47 [@vmglpi]
0 seconds for "Change of the database layout - glpi_items_deviceprocessors" @ 2022-11-18 20:13:48 [@vmglpi]
1 seconds for "Change of the database layout - glpi_items_devicesensors" @ 2022-11-18 20:13:49 [@vmglpi]
1 seconds for "Change of the database layout - glpi_items_devicesoundcards" @ 2022-11-18 20:13:49 [@vmglpi]
0 seconds for "Change of the database layout - glpi_items_disks" @ 2022-11-18 20:13:50 [@vmglpi]
1 seconds for "Change of the database layout - glpi_items_disks" @ 2022-11-18 20:13:50 [@vmglpi]
0 seconds for "Change of the database layout - glpi_items_operatingsystems" @ 2022-11-18 20:13:50 [@vmglpi]
0 seconds for "Change of the database layout - glpi_items_softwarelicenses" @ 2022-11-18 20:13:50 [@vmglpi]
0 seconds for "Change of the database layout - glpi_items_softwarelicenses" @ 2022-11-18 20:13:51 [@vmglpi]
1 seconds for "Change of the database layout - glpi_items_softwareversions" @ 2022-11-18 20:13:51 [@vmglpi]
0 seconds for "Change of the database layout - glpi_items_softwareversions" @ 2022-11-18 20:13:53 [@vmglpi]
2 seconds for "Change of the database layout - glpi_items_softwareversions" @ 2022-11-18 20:13:53 [@vmglpi]
0 seconds for "Change of the database layout - glpi_itilfollowups" @ 2022-11-18 20:13:53 [@vmglpi]
0 seconds for "Change of the database layout - glpi_itilfollowups" @ 2022-11-18 20:13:53 [@vmglpi]
0 seconds for "Change of the database layout - glpi_itilsolutions" @ 2022-11-18 20:13:53 [@vmglpi]
0 seconds for "Change of the database layout - glpi_itilsolutions" @ 2022-11-18 20:13:54 [@vmglpi]
1 seconds for "Change of the database layout - glpi_knowbaseitemcategories" @ 2022-11-18 20:13:54 [@vmglpi]
0 seconds for "Change of the database layout - glpi_knowbaseitems_items" @ 2022-11-18 20:13:54 [@vmglpi]
0 seconds for "Change of the database layout - glpi_knowbaseitems_items" @ 2022-11-18 20:13:54 [@vmglpi]
0 seconds for "Change of the database layout - glpi_knowbaseitems_items" @ 2022-11-18 20:13:55 [@vmglpi]
1 seconds for "Change of the database layout - glpi_networknames" @ 2022-11-18 20:13:56 [@vmglpi]
1 seconds for "Change of the database layout - glpi_networkports" @ 2022-11-18 20:13:57 [@vmglpi]
1 seconds for "Change of the database layout - glpi_notifications_notificationtemplates" @ 2022-11-18 20:13:57 [@vmglpi]
0 seconds for "Change of the database layout - glpi_olalevels_tickets" @ 2022-11-18 20:13:57 [@vmglpi]
0 seconds for "Change of the database layout - glpi_problemtemplatehiddenfields" @ 2022-11-18 20:13:58 [@vmglpi]
1 seconds for "Change of the database layout - glpi_problemtemplatemandatoryfields" @ 2022-11-18 20:13:58 [@vmglpi]
0 seconds for "Change of the database layout - glpi_reservations" @ 2022-11-18 20:13:59 [@vmglpi]
1 seconds for "Change of the database layout - glpi_slalevels_tickets" @ 2022-11-18 20:14:00 [@vmglpi]
1 seconds for "Change of the database layout - glpi_tickettemplatehiddenfields" @ 2022-11-18 20:14:20 [@vmglpi]
20 seconds for "Change of the database layout - glpi_tickettemplatemandatoryfields" @ 2022-11-18 20:14:25 [@vmglpi]
5 seconds for "Change of the database layout - glpi_knowbaseitems" @ 2022-11-18 20:14:26 [@vmglpi]
1 seconds for "Change of the database layout - glpi_notepads" @ 2022-11-18 20:14:26 [@vmglpi]
0 seconds for "Change of the database layout - glpi_projecttasks" @ 2022-11-18 20:14:27 [@vmglpi]
1 seconds for "Change of the database layout - glpi_objectlocks" @ 2022-11-18 20:14:27 [@vmglpi]
0 seconds for "Change of the database layout - glpi_knowbaseitems_revisions" @ 2022-11-18 20:14:27 [@vmglpi]
0 seconds for "Change of the database layout - glpi_groups_knowbaseitems" @ 2022-11-18 20:14:30 [@vmglpi]
3 seconds for "Change of the database layout - glpi_groups_knowbaseitems" @ 2022-11-18 20:14:31 [@vmglpi]
1 seconds for "Change of the database layout - glpi_groups_reminders" @ 2022-11-18 20:14:31 [@vmglpi]
0 seconds for "Change of the database layout - glpi_groups_reminders" @ 2022-11-18 20:14:31 [@vmglpi]
0 seconds for "Change of the database layout - glpi_groups_rssfeeds" @ 2022-11-18 20:14:32 [@vmglpi]
1 seconds for "Change of the database layout - glpi_groups_rssfeeds" @ 2022-11-18 20:14:32 [@vmglpi]
0 seconds for "Change of the database layout - glpi_knowbaseitems_profiles" @ 2022-11-18 20:14:33 [@vmglpi]
1 seconds for "Change of the database layout - glpi_knowbaseitems_profiles" @ 2022-11-18 20:14:33 [@vmglpi]
0 seconds for "Change of the database layout - glpi_profiles_reminders" @ 2022-11-18 20:14:33 [@vmglpi]
0 seconds for "Change of the database layout - glpi_profiles_reminders" @ 2022-11-18 20:14:34 [@vmglpi]
1 seconds for "Change of the database layout - glpi_profiles_rssfeeds" @ 2022-11-18 20:14:36 [@vmglpi]
2 seconds for "Change of the database layout - glpi_profiles_rssfeeds" @ 2022-11-18 20:14:39 [@vmglpi]
3 seconds for "Change of the database layout - glpi_entities" @ 2022-11-18 20:14:40 [@vmglpi]
1 seconds for "Change of the database layout - glpi_transfers" @ 2022-11-18 20:14:43 [@vmglpi]
3 seconds for "Change of the database layout - glpi_transfers" @ 2022-11-18 20:14:44 [@vmglpi]
1 seconds for "Change of the database layout - glpi_states" @ 2022-11-18 20:14:45 [@vmglpi]
1 seconds for "Change of the database layout - glpi_networkportethernets" @ 2022-11-18 20:14:46 [@vmglpi]
1 seconds for "Change of the database layout - glpi_networkportfiberchannels" @ 2022-11-18 20:14:49 [@vmglpi]
3 seconds for "Change of the database layout - glpi_users" @ 2022-11-18 20:14:50 [@vmglpi]
1 seconds for "Change of the database layout - glpi_contacts" @ 2022-11-18 20:14:50 [@vmglpi]
0 seconds for "Change of the database layout - glpi_contracts" @ 2022-11-18 20:14:51 [@vmglpi]
1 seconds for "Change of the database layout - glpi_dashboards_dashboards" @ 2022-11-18 20:14:52 [@vmglpi]
1 seconds for "Change of the database layout - glpi_domainrecordtypes" @ 2022-11-18 20:14:53 [@vmglpi]
1 seconds for "Change of the database layout - glpi_domainrecords" @ 2022-11-18 20:14:54 [@vmglpi]
1 seconds for "Change of the database layout - glpi_domains" @ 2022-11-18 20:14:55 [@vmglpi]
1 seconds for "Change of the database layout - glpi_impactcontexts" @ 2022-11-18 20:14:56 [@vmglpi]
1 seconds for "Change of the database layout - glpi_phonemodels" @ 2022-11-18 20:14:56 [@vmglpi]
0 seconds for "Change of the database layout - glpi_printermodels" @ 2022-11-18 20:14:59 [@vmglpi]
3 seconds for "Change of the database layout - glpi_softwares" @ 2022-11-18 20:15:00 [@vmglpi]
1 seconds for "Change of the database layout - glpi_cartridgeitems" @ 2022-11-18 20:15:01 [@vmglpi]
1 seconds for "Change of the database layout - glpi_consumableitems" @ 2022-11-18 20:15:02 [@vmglpi]
1 seconds for "Change of the database layout - glpi_rackmodels" @ 2022-11-18 20:15:04 [@vmglpi]
2 seconds for "Change of the database layout - glpi_softwarelicenses" @ 2022-11-18 20:15:04 [@vmglpi]
0 seconds for "Change of the database layout - glpi_datacenters" @ 2022-11-18 20:15:05 [@vmglpi]
1 seconds for "Change of the database layout - glpi_suppliers" @ 2022-11-18 20:15:07 [@vmglpi]
2 seconds for "Change of the database layout - glpi_appliances" @ 2022-11-18 20:15:08 [@vmglpi]
1 seconds for "Change of the database layout - glpi_computermodels" @ 2022-11-18 20:15:09 [@vmglpi]
1 seconds for "Change of the database layout - glpi_enclosuremodels" @ 2022-11-18 20:15:10 [@vmglpi]
1 seconds for "Change of the database layout - glpi_monitormodels" @ 2022-11-18 20:15:12 [@vmglpi]
2 seconds for "Change of the database layout - glpi_networkequipmentmodels" @ 2022-11-18 20:15:13 [@vmglpi]
1 seconds for "Change of the database layout - glpi_passivedcequipmentmodels" @ 2022-11-18 20:15:13 [@vmglpi]
0 seconds for "Change of the database layout - glpi_pdumodels" @ 2022-11-18 20:15:14 [@vmglpi]
1 seconds for "Change of the database layout - glpi_peripheralmodels" @ 2022-11-18 20:15:15 [@vmglpi]
1 seconds for "Change of the database layout - glpi_authldaps" @ 2022-11-18 20:15:16 [@vmglpi]
1 seconds for "Change of the database layout - glpi_authldapreplicates" @ 2022-11-18 20:15:19 [@vmglpi]
3 seconds for "Change of the database layout - glpi_networkequipments" @ 2022-11-18 20:15:22 [@vmglpi]
3 seconds for "Change of the database layout - glpi_printers" @ 2022-11-18 20:15:22 [@vmglpi]
0 seconds for "Change of the database layout - glpi_computers" @ 2022-11-18 20:15:24 [@vmglpi]
2 seconds for "Change of the database layout - glpi_phones" @ 2022-11-18 20:15:25 [@vmglpi]
1 seconds for "Change of the database layout - glpi_databaseinstances" @ 2022-11-18 20:15:27 [@vmglpi]
2 seconds for "Change of the database layout - glpi_monitors" @ 2022-11-18 20:15:28 [@vmglpi]
1 seconds for "Change of the database layout - glpi_peripherals" @ 2022-11-18 20:15:31 [@vmglpi]
3 seconds for "Change of the database layout - glpi_reservationitems" @ 2022-11-18 20:15:31 [@vmglpi]
0 seconds for "Adding unicity indices - glpi_reservationitems" @ 2022-11-18 20:15:32 [@vmglpi]
1 seconds for "Change of the database layout - glpi_savedsearches" @ 2022-11-18 20:15:32 [@vmglpi]
0 seconds for "Change of the database layout - glpi_savedsearches_alerts" @ 2022-11-18 20:15:33 [@vmglpi]
1 seconds for "Change of the database layout - glpi_apiclients" @ 2022-11-18 20:15:33 [@vmglpi]
0 seconds for "Change of the database layout - glpi_applianceenvironments" @ 2022-11-18 20:15:33 [@vmglpi]
0 seconds for "Change of the database layout - glpi_appliancetypes" @ 2022-11-18 20:15:34 [@vmglpi]
1 seconds for "Change of the database layout - glpi_devicesimcards" @ 2022-11-18 20:15:35 [@vmglpi]
1 seconds for "Change of the database layout - glpi_knowbaseitems_comments" @ 2022-11-18 20:15:35 [@vmglpi]
0 seconds for "Change of the database layout - glpi_lines" @ 2022-11-18 20:15:37 [@vmglpi]
2 seconds for "Change of the database layout - glpi_rulerightparameters" @ 2022-11-18 20:15:38 [@vmglpi]
1 seconds for "Change of the database layout - glpi_ssovariables" @ 2022-11-18 20:15:39 [@vmglpi]
1 seconds for "Change of the database layout - glpi_virtualmachinestates" @ 2022-11-18 20:15:40 [@vmglpi]
1 seconds for "Change of the database layout - glpi_virtualmachinesystems" @ 2022-11-18 20:15:41 [@vmglpi]
1 seconds for "Change of the database layout - glpi_virtualmachinetypes" @ 2022-11-18 20:15:42 [@vmglpi]
1 seconds for "Change of the database layout - glpi_alerts" @ 2022-11-18 20:15:42 [@vmglpi]
0 seconds for "Change of the database layout - glpi_crontasklogs" @ 2022-11-18 20:15:44 [@vmglpi]
2 seconds for "Change of the database layout - glpi_notimportedemails" @ 2022-11-18 20:15:45 [@vmglpi]
1 seconds for "Change of the database layout - glpi_authmails" @ 2022-11-18 20:15:45 [@vmglpi]
0 seconds for "Change of the database layout - glpi_blacklistedmailcontents" @ 2022-11-18 20:15:46 [@vmglpi]
1 seconds for "Change of the database layout - glpi_businesscriticities" @ 2022-11-18 20:15:47 [@vmglpi]
1 seconds for "Change of the database layout - glpi_calendarsegments" @ 2022-11-18 20:15:47 [@vmglpi]
0 seconds for "Change of the database layout - glpi_certificates" @ 2022-11-18 20:15:48 [@vmglpi]
1 seconds for "Change of the database layout - glpi_clusters" @ 2022-11-18 20:15:48 [@vmglpi]
0 seconds for "Change of the database layout - glpi_computerantiviruses" @ 2022-11-18 20:15:48 [@vmglpi]
0 seconds for "Change of the database layout - glpi_computervirtualmachines" @ 2022-11-18 20:15:49 [@vmglpi]
1 seconds for "Change of the database layout - glpi_configs" @ 2022-11-18 20:15:50 [@vmglpi]
1 seconds for "Change of the database layout - glpi_crontasks" @ 2022-11-18 20:15:51 [@vmglpi]
1 seconds for "Change of the database layout - glpi_dashboards_rights" @ 2022-11-18 20:15:52 [@vmglpi]
1 seconds for "Change of the database layout - glpi_dcrooms" @ 2022-11-18 20:15:52 [@vmglpi]
0 seconds for "Change of the database layout - glpi_devicesensors" @ 2022-11-18 20:15:54 [@vmglpi]
2 seconds for "Change of the database layout - glpi_documents" @ 2022-11-18 20:15:56 [@vmglpi]
2 seconds for "Change of the database layout - glpi_documents_items" @ 2022-11-18 20:15:57 [@vmglpi]
1 seconds for "Change of the database layout - glpi_domainrelations" @ 2022-11-18 20:15:57 [@vmglpi]
0 seconds for "Change of the database layout - glpi_domaintypes" @ 2022-11-18 20:15:58 [@vmglpi]
1 seconds for "Change of the database layout - glpi_enclosures" @ 2022-11-18 20:15:58 [@vmglpi]
0 seconds for "Change of the database layout - glpi_fieldblacklists" @ 2022-11-18 20:15:59 [@vmglpi]
1 seconds for "Change of the database layout - glpi_fieldunicities" @ 2022-11-18 20:15:59 [@vmglpi]
0 seconds for "Change of the database layout - glpi_groups" @ 2022-11-18 20:15:59 [@vmglpi]
0 seconds for "Change of the database layout - glpi_groups_users" @ 2022-11-18 20:16:00 [@vmglpi]
1 seconds for "Change of the database layout - glpi_holidays" @ 2022-11-18 20:16:00 [@vmglpi]
0 seconds for "Change of the database layout - glpi_impactcompounds" @ 2022-11-18 20:16:01 [@vmglpi]
1 seconds for "Change of the database layout - glpi_ipaddresses" @ 2022-11-18 20:16:01 [@vmglpi]
0 seconds for "Change of the database layout - glpi_ipnetworks" @ 2022-11-18 20:16:02 [@vmglpi]
1 seconds for "Change of the database layout - glpi_ipnetworks_vlans" @ 2022-11-18 20:16:02 [@vmglpi]
0 seconds for "Change of the database layout - glpi_items_devicebatteries" @ 2022-11-18 20:16:03 [@vmglpi]
1 seconds for "Change of the database layout - glpi_items_devicefirmwares" @ 2022-11-18 20:16:03 [@vmglpi]
0 seconds for "Change of the database layout - glpi_items_devicegenerics" @ 2022-11-18 20:16:03 [@vmglpi]
0 seconds for "Change of the database layout - glpi_items_devicesensors" @ 2022-11-18 20:16:04 [@vmglpi]
1 seconds for "Change of the database layout - glpi_items_kanbans" @ 2022-11-18 20:16:04 [@vmglpi]
0 seconds for "Change of the database layout - glpi_items_operatingsystems" @ 2022-11-18 20:16:05 [@vmglpi]
1 seconds for "Change of the database layout - glpi_items_softwareversions" @ 2022-11-18 20:16:07 [@vmglpi]
2 seconds for "Change of the database layout - glpi_itilsolutions" @ 2022-11-18 20:16:07 [@vmglpi]
0 seconds for "Change of the database layout - glpi_knowbaseitemcategories" @ 2022-11-18 20:16:07 [@vmglpi]
0 seconds for "Change of the database layout - glpi_knowbaseitems_items" @ 2022-11-18 20:16:08 [@vmglpi]
1 seconds for "Change of the database layout - glpi_knowbaseitemtranslations" @ 2022-11-18 20:16:08 [@vmglpi]
0 seconds for "Change of the database layout - glpi_links" @ 2022-11-18 20:16:08 [@vmglpi]
0 seconds for "Change of the database layout - glpi_mailcollectors" @ 2022-11-18 20:16:09 [@vmglpi]
1 seconds for "Change of the database layout - glpi_manuallinks" @ 2022-11-18 20:16:09 [@vmglpi]
0 seconds for "Change of the database layout - glpi_networkaliases" @ 2022-11-18 20:16:09 [@vmglpi]
0 seconds for "Change of the database layout - glpi_networkports" @ 2022-11-18 20:16:10 [@vmglpi]
1 seconds for "Change of the database layout - glpi_networkportwifis" @ 2022-11-18 20:16:11 [@vmglpi]
1 seconds for "Change of the database layout - glpi_olalevels" @ 2022-11-18 20:16:12 [@vmglpi]
1 seconds for "Change of the database layout - glpi_olas" @ 2022-11-18 20:16:12 [@vmglpi]
0 seconds for "Change of the database layout - glpi_operatingsystemeditions" @ 2022-11-18 20:16:12 [@vmglpi]
0 seconds for "Change of the database layout - glpi_operatingsystemkernels" @ 2022-11-18 20:16:13 [@vmglpi]
1 seconds for "Change of the database layout - glpi_operatingsystemkernelversions" @ 2022-11-18 20:16:13 [@vmglpi]
0 seconds for "Change of the database layout - glpi_passivedcequipments" @ 2022-11-18 20:16:14 [@vmglpi]
1 seconds for "Change of the database layout - glpi_pdus" @ 2022-11-18 20:16:15 [@vmglpi]
1 seconds for "Change of the database layout - glpi_pdus_plugs" @ 2022-11-18 20:16:15 [@vmglpi]
0 seconds for "Change of the database layout - glpi_pdus_racks" @ 2022-11-18 20:16:16 [@vmglpi]
1 seconds for "Change of the database layout - glpi_planningexternalevents" @ 2022-11-18 20:16:17 [@vmglpi]
1 seconds for "Change of the database layout - glpi_planningexternaleventtemplates" @ 2022-11-18 20:16:17 [@vmglpi]
0 seconds for "Change of the database layout - glpi_plugins" @ 2022-11-18 20:16:18 [@vmglpi]
1 seconds for "Change of the database layout - glpi_profilerights" @ 2022-11-18 20:16:18 [@vmglpi]
0 seconds for "Change of the database layout - glpi_profiles" @ 2022-11-18 20:16:18 [@vmglpi]
0 seconds for "Change of the database layout - glpi_projects" @ 2022-11-18 20:16:18 [@vmglpi]
0 seconds for "Change of the database layout - glpi_queuednotifications" @ 2022-11-18 20:16:18 [@vmglpi]
0 seconds for "Change of the database layout - glpi_racks" @ 2022-11-18 20:16:19 [@vmglpi]
1 seconds for "Change of the database layout - glpi_recurrentchanges" @ 2022-11-18 20:16:20 [@vmglpi]
1 seconds for "Change of the database layout - glpi_refusedequipments" @ 2022-11-18 20:16:20 [@vmglpi]
0 seconds for "Change of the database layout - glpi_registeredids" @ 2022-11-18 20:16:20 [@vmglpi]
0 seconds for "Change of the database layout - glpi_remindertranslations" @ 2022-11-18 20:16:20 [@vmglpi]
0 seconds for "Change of the database layout - glpi_reminders" @ 2022-11-18 20:16:20 [@vmglpi]
0 seconds for "Change of the database layout - glpi_rules" @ 2022-11-18 20:16:20 [@vmglpi]
0 seconds for "Change of the database layout - glpi_softwarecategories" @ 2022-11-18 20:16:21 [@vmglpi]
1 seconds for "Change of the database layout - glpi_softwarelicensetypes" @ 2022-11-18 20:16:21 [@vmglpi]
0 seconds for "Change of the database layout - glpi_slalevels" @ 2022-11-18 20:16:23 [@vmglpi]
2 seconds for "Change of the database layout - glpi_slas" @ 2022-11-18 20:16:23 [@vmglpi]
0 seconds for "Change of the database layout - glpi_ticketrecurrents" @ 2022-11-18 20:16:23 [@vmglpi]
0 seconds for "Change of the database layout - glpi_tickets_tickets" @ 2022-11-18 20:16:23 [@vmglpi]
0 seconds for "Change of the database layout - glpi_vlans" @ 2022-11-18 20:16:23 [@vmglpi]
0 seconds for "Change of the database layout - glpi_wifinetworks" @ 2022-11-18 20:16:26 [@vmglpi]
3 seconds for "Change of the database layout - glpi_lockedfields" @ 2022-11-18 20:16:27 [@vmglpi]
1 seconds for "Change of the database layout - glpi_knowbaseitems" @ 2022-11-18 20:16:27 [@vmglpi]
0 seconds for "Change of the database layout - glpi_notepads" @ 2022-11-18 20:16:27 [@vmglpi]
0 seconds for "Change of the database layout - glpi_projecttasks" @ 2022-11-18 20:16:27 [@vmglpi]
0 seconds for "Change of the database layout - glpi_objectlocks" @ 2022-11-18 20:16:28 [@vmglpi]
1 seconds for "Change of the database layout - glpi_knowbaseitems_revisions" @ 2022-11-18 20:16:28 [@vmglpi]
0 seconds for "Change of the database layout - glpi_slms" @ 2022-11-18 20:16:28 [@vmglpi]
0 seconds for "Change of the database layout - glpi_softwareversions" @ 2022-11-18 20:16:29 [@vmglpi]
1 seconds for "Change of the database layout - glpi_entities" @ 2022-11-18 20:16:37 [@vmglpi]
8 seconds for "Change of the database layout - glpi_tickettasks" @ 2022-11-18 20:16:40 [@vmglpi]
3 seconds for "Configuration values added for default_central_tab, page_layout, fold_menu, fold_search, savedsearches_pinned, richtext_layout, user_restored_ldap, timeline_order, itil_layout, noreply_email, noreply_email_name, replyto_email, replyto_email_name, support_legacy_data, document_max_size, purge_refusedequipment, 0, planning_work_days (core)." @ 2022-11-18 20:16:40 [@vmglpi]
0 seconds for "Configuration values added for enabled_inventory, import_software, import_volume, import_antivirus, import_registry, import_process, import_vm, import_monitor_on_partial_sn, component_processor, component_memory, component_harddrive, component_networkcard, component_graphiccard, component_soundcard, component_drive, component_networkdrive, component_networkcardvirtual, component_control, component_battery, component_simcard, states_id_default, location, group, vm_type, vm_components, vm_as_computer, component_removablemedia, component_powersupply, inventory_frequency, import_monitor, import_printer, import_peripheral, stale_agents_delay, stale_agents_action, stale_agents_status (inventory)." @ 2022-11-18 20:16:40 [@vmglpi]
0 seconds for "Task Completed." @ 